[Parallel(n_jobs=32)]: Using backend LokyBackend with 32 concurrent workers.
[Parallel(n_jobs=32)]: Done   1 tasks      | elapsed:    2.0s
[Parallel(n_jobs=32)]: Done   3 out of  24 | elapsed:    2.1s remaining:   14.6s
[Parallel(n_jobs=32)]: Done   6 out of  24 | elapsed:    2.3s remaining:    7.0s
[Parallel(n_jobs=32)]: Done   9 out of  24 | elapsed:    2.4s remaining:    4.1s
[Parallel(n_jobs=32)]: Done  12 out of  24 | elapsed:    2.5s remaining:    2.5s
[Parallel(n_jobs=32)]: Done  15 out of  24 | elapsed:    2.5s remaining:    1.5s
[Parallel(n_jobs=32)]: Done  18 out of  24 | elapsed:    2.6s remaining:    0.9s
[Parallel(n_jobs=32)]: Done  21 out of  24 | elapsed:    2.7s remaining:    0.4s
[Parallel(n_jobs=32)]: Done  24 out of  24 | elapsed:    2.8s finished
[Parallel(n_jobs=32)]: Using backend LokyBackend with 32 concurrent workers.
[Parallel(n_jobs=32)]: Done   8 tasks      | elapsed:  1.4min
[Parallel(n_jobs=32)]: Done  21 tasks      | elapsed:  1.7min
[Parallel(n_jobs=32)]: Done  34 tasks      | elapsed:  2.4min
[Parallel(n_jobs=32)]: Done  48 out of 100 | elapsed:  3.1min remaining:  3.4min
[Parallel(n_jobs=32)]: Done  59 out of 100 | elapsed:  3.7min remaining:  2.5min
[Parallel(n_jobs=32)]: Done  70 out of 100 | elapsed:  4.3min remaining:  1.8min
[Parallel(n_jobs=32)]: Done  81 out of 100 | elapsed:  4.5min remaining:  1.1min
[Parallel(n_jobs=32)]: Done  92 out of 100 | elapsed:  4.8min remaining:   24.8s
[Parallel(n_jobs=32)]: Done 100 out of 100 | elapsed:  4.9min finished
