[Parallel(n_jobs=32)]: Using backend LokyBackend with 32 concurrent workers.
[Parallel(n_jobs=32)]: Done   1 tasks      | elapsed:    2.1s
[Parallel(n_jobs=32)]: Done   3 out of  24 | elapsed:    2.2s remaining:   15.6s
[Parallel(n_jobs=32)]: Done   6 out of  24 | elapsed:    2.3s remaining:    6.9s
[Parallel(n_jobs=32)]: Done   9 out of  24 | elapsed:    2.4s remaining:    3.9s
[Parallel(n_jobs=32)]: Done  12 out of  24 | elapsed:    2.5s remaining:    2.5s
[Parallel(n_jobs=32)]: Done  15 out of  24 | elapsed:    2.6s remaining:    1.6s
[Parallel(n_jobs=32)]: Done  18 out of  24 | elapsed:    2.6s remaining:    0.9s
[Parallel(n_jobs=32)]: Done  21 out of  24 | elapsed:    2.7s remaining:    0.4s
[Parallel(n_jobs=32)]: Done  24 out of  24 | elapsed:    2.8s finished
[Parallel(n_jobs=32)]: Using backend LokyBackend with 32 concurrent workers.
[Parallel(n_jobs=32)]: Done   8 tasks      | elapsed:  6.0min
[Parallel(n_jobs=32)]: Done  21 tasks      | elapsed:  7.5min
[Parallel(n_jobs=32)]: Done  34 tasks      | elapsed: 13.3min
[Parallel(n_jobs=32)]: Done  48 out of 100 | elapsed: 16.4min remaining: 17.8min
[Parallel(n_jobs=32)]: Done  59 out of 100 | elapsed: 18.7min remaining: 13.0min
[Parallel(n_jobs=32)]: Done  70 out of 100 | elapsed: 22.2min remaining:  9.5min
[Parallel(n_jobs=32)]: Done  81 out of 100 | elapsed: 24.5min remaining:  5.7min
[Parallel(n_jobs=32)]: Done  92 out of 100 | elapsed: 25.0min remaining:  2.2min
[Parallel(n_jobs=32)]: Done 100 out of 100 | elapsed: 25.5min finished
