[Parallel(n_jobs=32)]: Using backend LokyBackend with 32 concurrent workers.
[Parallel(n_jobs=32)]: Done   1 tasks      | elapsed:    2.2s
[Parallel(n_jobs=32)]: Done   3 out of  24 | elapsed:    2.3s remaining:   15.9s
[Parallel(n_jobs=32)]: Done   6 out of  24 | elapsed:    2.4s remaining:    7.1s
[Parallel(n_jobs=32)]: Done   9 out of  24 | elapsed:    2.5s remaining:    4.2s
[Parallel(n_jobs=32)]: Done  12 out of  24 | elapsed:    2.6s remaining:    2.6s
[Parallel(n_jobs=32)]: Done  15 out of  24 | elapsed:    2.6s remaining:    1.6s
[Parallel(n_jobs=32)]: Done  18 out of  24 | elapsed:    2.7s remaining:    0.9s
[Parallel(n_jobs=32)]: Done  21 out of  24 | elapsed:    2.7s remaining:    0.4s
[Parallel(n_jobs=32)]: Done  24 out of  24 | elapsed:    2.8s finished
[Parallel(n_jobs=32)]: Using backend LokyBackend with 32 concurrent workers.
[Parallel(n_jobs=32)]: Done   8 tasks      | elapsed:  2.3min
[Parallel(n_jobs=32)]: Done  21 tasks      | elapsed:  3.3min
[Parallel(n_jobs=32)]: Done  34 tasks      | elapsed:  4.4min
[Parallel(n_jobs=32)]: Done  48 out of 100 | elapsed:  5.4min remaining:  5.8min
[Parallel(n_jobs=32)]: Done  59 out of 100 | elapsed:  6.4min remaining:  4.4min
[Parallel(n_jobs=32)]: Done  70 out of 100 | elapsed:  7.2min remaining:  3.1min
[Parallel(n_jobs=32)]: Done  81 out of 100 | elapsed:  7.8min remaining:  1.8min
[Parallel(n_jobs=32)]: Done  92 out of 100 | elapsed:  8.1min remaining:   42.4s
[Parallel(n_jobs=32)]: Done 100 out of 100 | elapsed:  8.5min finished
