[info] Loading model: /net/beegfs/users/P094398/StatescopeDevBranch/src/Test/Data/PseudobulkTest/Test_model1.pkl
Loaded Statescope [file:CPU-portable] on cpu
[info] Backend: CPU
No prior knowledge of expected cell type fractions is given.
[Framework] CPU mode: 32 workers × 4 threads (cores=256).
start optimization using marker genes: 553 genes out of 553 genes.
Initialization with Support vector regression
Deconvolution completed successfully.
Model converged.
Saved Statescope → /net/beegfs/users/P094398/Statescopedeployment/Statescope/tutorial/Output/statescope_model.pkl (format: CPU-portable)
[done] Saved model: /net/beegfs/users/P094398/Statescopedeployment/Statescope/tutorial/Output/statescope_model.pkl
[done] Saved fractions: /net/beegfs/users/P094398/Statescopedeployment/Statescope/tutorial/Output/fractions.csv
Using CPU for computation.
Using CPU for computation.
Using CPU for computation.
Using CPU for computation.
Using CPU for computation.
Using CPU for computation.
Using CPU for computation.
Using CPU for computation.
Using CPU for computation.
Using CPU for computation.
Using CPU for computation.
Using CPU for computation.
Using CPU for computation.
Using CPU for computation.
Using CPU for computation.
Using CPU for computation.
Using CPU for computation.
Using CPU for computation.
Using CPU for computation.
Using CPU for computation.
Using CPU for computation.
Using CPU for computation.
Using CPU for computation.
Using CPU for computation.
Using CPU for computation.
Using CPU for computation.
Using CPU for computation.
Using CPU for computation.
Using CPU for computation.
Using CPU for computation.
Using CPU for computation.
Using CPU for computation.
