[Parallel(n_jobs=4)]: Using backend LokyBackend with 4 concurrent workers.
[Parallel(n_jobs=4)]: Done   5 tasks      | elapsed:    2.7s
[Parallel(n_jobs=4)]: Done  10 tasks      | elapsed:    3.1s
[Parallel(n_jobs=4)]: Done  17 tasks      | elapsed:    3.3s
[Parallel(n_jobs=4)]: Done  20 out of  24 | elapsed:    3.5s remaining:    0.7s
[Parallel(n_jobs=4)]: Done  24 out of  24 | elapsed:    3.7s finished
[Parallel(n_jobs=4)]: Using backend LokyBackend with 4 concurrent workers.
[Parallel(n_jobs=4)]: Done   5 tasks      | elapsed:   47.6s
[Parallel(n_jobs=4)]: Done  10 tasks      | elapsed:  1.2min
[Parallel(n_jobs=4)]: Done  17 tasks      | elapsed:  2.1min
[Parallel(n_jobs=4)]: Done  24 tasks      | elapsed:  2.8min
[Parallel(n_jobs=4)]: Done  33 tasks      | elapsed:  3.7min
[Parallel(n_jobs=4)]: Done  42 tasks      | elapsed:  4.9min
/appdata/users/P094398/conda-envs/statescope/lib/python3.10/site-packages/joblib/externals/loky/process_executor.py:782: UserWarning: A worker stopped while some jobs were given to the executor. This can be caused by a too short worker timeout or by a memory leak.
  warnings.warn(
[Parallel(n_jobs=4)]: Done  53 tasks      | elapsed:  5.9min
[Parallel(n_jobs=4)]: Done  64 tasks      | elapsed:  7.0min
[Parallel(n_jobs=4)]: Done  77 tasks      | elapsed:  8.6min
[Parallel(n_jobs=4)]: Done  90 tasks      | elapsed:  9.9min
[Parallel(n_jobs=4)]: Done 100 out of 100 | elapsed: 10.8min finished
