[Parallel(n_jobs=32)]: Using backend LokyBackend with 32 concurrent workers.
[Parallel(n_jobs=32)]: Done   1 tasks      | elapsed:    2.1s
[Parallel(n_jobs=32)]: Done   3 out of  24 | elapsed:    2.2s remaining:   15.5s
[Parallel(n_jobs=32)]: Done   6 out of  24 | elapsed:    2.3s remaining:    6.9s
[Parallel(n_jobs=32)]: Done   9 out of  24 | elapsed:    2.4s remaining:    4.0s
[Parallel(n_jobs=32)]: Done  12 out of  24 | elapsed:    2.5s remaining:    2.5s
[Parallel(n_jobs=32)]: Done  15 out of  24 | elapsed:    2.6s remaining:    1.5s
[Parallel(n_jobs=32)]: Done  18 out of  24 | elapsed:    2.6s remaining:    0.9s
[Parallel(n_jobs=32)]: Done  21 out of  24 | elapsed:    2.7s remaining:    0.4s
[Parallel(n_jobs=32)]: Done  24 out of  24 | elapsed:    2.8s finished
[Parallel(n_jobs=32)]: Using backend LokyBackend with 32 concurrent workers.
joblib.externals.loky.process_executor._RemoteTraceback: 
"""
Traceback (most recent call last):
  File "/appdata/users/P094398/conda-envs/statescope/lib/python3.10/site-packages/joblib/externals/loky/process_executor.py", line 490, in _process_worker
    r = call_item()
  File "/appdata/users/P094398/conda-envs/statescope/lib/python3.10/site-packages/joblib/externals/loky/process_executor.py", line 291, in __call__
    return self.fn(*self.args, **self.kwargs)
  File "/appdata/users/P094398/conda-envs/statescope/lib/python3.10/site-packages/joblib/parallel.py", line 607, in __call__
    return [func(*args, **kwargs) for func, args, kwargs in self.items]
  File "/appdata/users/P094398/conda-envs/statescope/lib/python3.10/site-packages/joblib/parallel.py", line 607, in <listcomp>
    return [func(*args, **kwargs) for func, args, kwargs in self.items]
  File "/net/beegfs/users/P094398/Statescopedeployment/Statescope/src/BLADE_Deconvolution/BLADEpro.py", line 1848, in _iter_one
    return Iterative_Optimization(
  File "/net/beegfs/users/P094398/Statescopedeployment/Statescope/src/BLADE_Deconvolution/BLADEpro.py", line 1583, in Iterative_Optimization
    obj = BLADE(
  File "/net/beegfs/users/P094398/Statescopedeployment/Statescope/src/BLADE_Deconvolution/BLADEpro.py", line 766, in __init__
    if not _cuda_message_printed:
UnboundLocalError: local variable '_cuda_message_printed' referenced before assignment
"""

The above exception was the direct cause of the following exception:

Traceback (most recent call last):
  File "/net/beegfs/users/P094398/Statescopedeployment/Statescope/tutorial/run_deconvolution_hpc.py", line 188, in <module>
    main()
  File "/net/beegfs/users/P094398/Statescopedeployment/Statescope/tutorial/run_deconvolution_hpc.py", line 167, in main
    model.Deconvolution(
  File "/net/beegfs/users/P094398/Statescopedeployment/Statescope/src/Statescope/Statescope.py", line 393, in Deconvolution
    final_obj, best_obj, best_set, outs = Framework_Iterative(
  File "/net/beegfs/users/P094398/Statescopedeployment/Statescope/src/BLADE_Deconvolution/BLADEpro.py", line 1881, in Framework_Iterative
    triples = Parallel(n_jobs=Njob_eff, verbose=10)(
  File "/appdata/users/P094398/conda-envs/statescope/lib/python3.10/site-packages/joblib/parallel.py", line 2072, in __call__
    return output if self.return_generator else list(output)
  File "/appdata/users/P094398/conda-envs/statescope/lib/python3.10/site-packages/joblib/parallel.py", line 1682, in _get_outputs
    yield from self._retrieve()
  File "/appdata/users/P094398/conda-envs/statescope/lib/python3.10/site-packages/joblib/parallel.py", line 1784, in _retrieve
    self._raise_error_fast()
  File "/appdata/users/P094398/conda-envs/statescope/lib/python3.10/site-packages/joblib/parallel.py", line 1859, in _raise_error_fast
    error_job.get_result(self.timeout)
  File "/appdata/users/P094398/conda-envs/statescope/lib/python3.10/site-packages/joblib/parallel.py", line 758, in get_result
    return self._return_or_raise()
  File "/appdata/users/P094398/conda-envs/statescope/lib/python3.10/site-packages/joblib/parallel.py", line 773, in _return_or_raise
    raise self._result
UnboundLocalError: local variable '_cuda_message_printed' referenced before assignment
srun: error: worker09: task 0: Exited with exit code 1
